<?xml version="1.0" encoding="UTF-8"?>
<!-- Generated by org.testng.reporters.JUnitXMLReporter -->
<testsuite hostname="User1" ignored="0" name="Default test" tests="3" failures="0" timestamp="16 Dec 2016 02:42:01 GMT" time="24.627" errors="0">
  <testcase name="TestHomePage" time="17.638" classname="tests.TestSearch"/>
  <testcase name="TestSearchPage" time="4.583" classname="tests.TestSearch"/>
  <testcase name="TestStarRatings" time="2.366" classname="tests.TestSearch"/>
</testsuite> <!-- Default test -->
